<?xml version="1.0" encoding="utf-8"?><testsuites name="pytest tests"><testsuite name="pytest" errors="0" failures="0" skipped="0" tests="46" time="1.623" timestamp="2026-05-13T19:10:40.885009+08:00" hostname="WILFREDLIU-PC3"><testcase classname="_test_harness_p1" name="test_audit_log_hook_writes_record" time="0.033" /><testcase classname="_test_harness_p1" name="test_audit_log_hook_ignores_pre_event" time="0.007" /><testcase classname="_test_harness_p1" name="test_shell_rate_limit_blocks_when_over" time="0.002" /><testcase classname="_test_harness_p1" name="test_shell_rate_limit_allows_under_limit" time="0.001" /><testcase classname="_test_harness_p1" name="test_shell_rate_limit_only_applies_to_shell" time="0.001" /><testcase classname="_test_harness_p1" name="test_failure_library_hook_writes_error" time="0.007" /><testcase classname="_test_harness_p1" name="test_budget_token_limit" time="0.005" /><testcase classname="_test_harness_p1" name="test_budget_turn_limit" time="0.000" /><testcase classname="_test_harness_p1" name="test_budget_time_limit" time="0.051" /><testcase classname="_test_harness_p1" name="test_budget_no_limit" time="0.000" /><testcase classname="_test_harness_p1" name="test_hook_registry_fail_open" time="0.002" /><testcase classname="_test_harness_p1" name="test_hook_registry_blocking_propagates_first_error" time="0.001" /><testcase classname="_test_harness_p1" name="test_executor_pre_hook_blocks_action" time="0.263" /><testcase classname="_test_harness_p2" name="test_query_engine_no_tools" time="0.001" /><testcase classname="_test_harness_p2" name="test_query_engine_tool_call_loop" time="0.002" /><testcase classname="_test_harness_p2" name="test_query_engine_budget_exceeded" time="0.001" /><testcase classname="_test_harness_p2" name="test_query_engine_pre_hook_blocks_tool" time="0.001" /><testcase classname="_test_harness_p2" name="test_chat_tool_executor_adapter_thinking_steps" time="0.001" /><testcase classname="_test_harness_p2" name="test_orchestrator_executor_merges_context" time="0.001" /><testcase classname="_test_harness_p3" name="test_detect_risk_high_risk[shell-inp0-\u5220\u9664\u6587\u4ef6]" time="0.000" /><testcase classname="_test_harness_p3" name="test_detect_risk_high_risk[shell-inp1-\u5f3a\u5236\u63a8\u9001]" time="0.000" /><testcase classname="_test_harness_p3" name="test_detect_risk_high_risk[shell-inp2-\u6570\u636e\u5e93]" time="0.000" /><testcase classname="_test_harness_p3" name="test_detect_risk_high_risk[shell-inp3-\u5173\u673a]" time="0.000" /><testcase classname="_test_harness_p3" name="test_detect_risk_high_risk[shell-inp4-\u683c\u5f0f\u5316]" time="0.000" /><testcase classname="_test_harness_p3" name="test_detect_risk_high_risk[git_merge-inp5-\u4e3b\u5e72]" time="0.001" /><testcase classname="_test_harness_p3" name="test_detect_risk_high_risk[git_merge-inp6-\u4e3b\u5e72]" time="0.001" /><testcase classname="_test_harness_p3" name="test_detect_risk_low_risk[shell-inp0]" time="0.001" /><testcase classname="_test_harness_p3" name="test_detect_risk_low_risk[shell-inp1]" time="0.000" /><testcase classname="_test_harness_p3" name="test_detect_risk_low_risk[shell-inp2]" time="0.000" /><testcase classname="_test_harness_p3" name="test_detect_risk_low_risk[git_merge-inp3]" time="0.000" /><testcase classname="_test_harness_p3" name="test_detect_risk_low_risk[git_merge-inp4]" time="0.000" /><testcase classname="_test_harness_p3" name="test_detect_risk_low_risk[GlobAction-inp5]" time="0.000" /><testcase classname="_test_harness_p3" name="test_detect_risk_low_risk[GrepAction-inp6]" time="0.000" /><testcase classname="_test_harness_p3" name="test_gate_check_low_risk_passes" time="0.135" /><testcase classname="_test_harness_p3" name="test_gate_check_approve" time="0.309" /><testcase classname="_test_harness_p3" name="test_gate_check_deny" time="0.213" /><testcase classname="_test_harness_p3" name="test_gate_check_timeout" time="0.216" /><testcase classname="_test_harness_p3" name="test_gate_resolve_after_timeout_is_noop" time="0.109" /><testcase classname="_test_harness_p3" name="test_permissions_api_pending_empty" time="0.008" /><testcase classname="_test_harness_p3" name="test_permissions_api_resolve_not_found" time="0.009" /><testcase classname="_test_harness_p4" name="test_dispatch_subtask_creates_child_and_waits" time="0.096" /><testcase classname="_test_harness_p4" name="test_dispatch_subtask_depth_limit" time="0.006" /><testcase classname="_test_harness_p4" name="test_dispatch_subtask_depth_ok" time="0.010" /><testcase classname="_test_harness_p4" name="test_check_subtasks_not_complete" time="0.007" /><testcase classname="_test_harness_p4" name="test_check_subtasks_all_complete" time="0.010" /><testcase classname="_test_harness_p4" name="test_get_ancestor_ids" time="0.007" /></testsuite></testsuites>